[2020-03-21T21:52:14.584+0000][gc,heap] Heap region size: 1M
[2020-03-21T21:52:14.607+0000][gc     ] Using G1
[2020-03-21T21:52:14.607+0000][gc,heap,coops] Heap address: 0x00000000c0000000, size: 1024 MB, Compressed Oops mode: 32-bit
[2020-03-21T21:52:15.830+0000][gc,start     ] GC(0) Pause Young (Normal) (G1 Evacuation Pause)
[2020-03-21T21:52:15.831+0000][gc,task      ] GC(0) Using 8 workers of 8 for evacuation
[2020-03-21T21:52:15.838+0000][gc,phases    ] GC(0)   Pre Evacuate Collection Set: 0,0ms
[2020-03-21T21:52:15.838+0000][gc,phases    ] GC(0)   Evacuate Collection Set: 5,8ms
[2020-03-21T21:52:15.838+0000][gc,phases    ] GC(0)   Post Evacuate Collection Set: 0,7ms
[2020-03-21T21:52:15.838+0000][gc,phases    ] GC(0)   Other: 1,5ms
[2020-03-21T21:52:15.838+0000][gc,heap      ] GC(0) Eden regions: 51->0(44)
[2020-03-21T21:52:15.838+0000][gc,heap      ] GC(0) Survivor regions: 0->7(7)
[2020-03-21T21:52:15.838+0000][gc,heap      ] GC(0) Old regions: 0->0
[2020-03-21T21:52:15.838+0000][gc,heap      ] GC(0) Humongous regions: 0->0
[2020-03-21T21:52:15.838+0000][gc,metaspace ] GC(0) Metaspace: 15265K->15265K(1062912K)
[2020-03-21T21:52:15.838+0000][gc           ] GC(0) Pause Young (Normal) (G1 Evacuation Pause) 51M->6M(1024M) 8,109ms
[2020-03-21T21:52:15.838+0000][gc,cpu       ] GC(0) User=0,04s Sys=0,01s Real=0,01s
[2020-03-21T21:52:16.218+0000][gc,start     ] GC(1) Pause Young (Concurrent Start) (Metadata GC Threshold)
[2020-03-21T21:52:16.218+0000][gc,task      ] GC(1) Using 8 workers of 8 for evacuation
[2020-03-21T21:52:16.229+0000][gc,phases    ] GC(1)   Pre Evacuate Collection Set: 0,0ms
[2020-03-21T21:52:16.229+0000][gc,phases    ] GC(1)   Evacuate Collection Set: 10,1ms
[2020-03-21T21:52:16.229+0000][gc,phases    ] GC(1)   Post Evacuate Collection Set: 1,2ms
[2020-03-21T21:52:16.229+0000][gc,phases    ] GC(1)   Other: 0,2ms
[2020-03-21T21:52:16.229+0000][gc,heap      ] GC(1) Eden regions: 23->0(49)
[2020-03-21T21:52:16.229+0000][gc,heap      ] GC(1) Survivor regions: 7->2(7)
[2020-03-21T21:52:16.229+0000][gc,heap      ] GC(1) Old regions: 0->7
[2020-03-21T21:52:16.229+0000][gc,heap      ] GC(1) Humongous regions: 129->129
[2020-03-21T21:52:16.229+0000][gc,metaspace ] GC(1) Metaspace: 20564K->20564K(1067008K)
[2020-03-21T21:52:16.229+0000][gc           ] GC(1) Pause Young (Concurrent Start) (Metadata GC Threshold) 158M->137M(1024M) 11,723ms
[2020-03-21T21:52:16.229+0000][gc,cpu       ] GC(1) User=0,04s Sys=0,00s Real=0,01s
[2020-03-21T21:52:16.230+0000][gc           ] GC(2) Concurrent Cycle
[2020-03-21T21:52:16.230+0000][gc,marking   ] GC(2) Concurrent Clear Claimed Marks
[2020-03-21T21:52:16.230+0000][gc,marking   ] GC(2) Concurrent Clear Claimed Marks 0,055ms
[2020-03-21T21:52:16.230+0000][gc,marking   ] GC(2) Concurrent Scan Root Regions
[2020-03-21T21:52:16.231+0000][gc,marking   ] GC(2) Concurrent Scan Root Regions 1,115ms
[2020-03-21T21:52:16.231+0000][gc,marking   ] GC(2) Concurrent Mark (1,653s)
[2020-03-21T21:52:16.231+0000][gc,marking   ] GC(2) Concurrent Mark From Roots
[2020-03-21T21:52:16.231+0000][gc,task      ] GC(2) Using 2 workers of 2 for marking
[2020-03-21T21:52:16.242+0000][gc,marking   ] GC(2) Concurrent Mark From Roots 11,127ms
[2020-03-21T21:52:16.242+0000][gc,marking   ] GC(2) Concurrent Preclean
[2020-03-21T21:52:16.243+0000][gc,marking   ] GC(2) Concurrent Preclean 0,733ms
[2020-03-21T21:52:16.243+0000][gc,marking   ] GC(2) Concurrent Mark (1,653s, 1,665s) 11,918ms
[2020-03-21T21:52:16.243+0000][gc,start     ] GC(2) Pause Remark
[2020-03-21T21:52:16.246+0000][gc,stringtable] GC(2) Cleaned string and symbol table, strings: 9280 processed, 0 removed, symbols: 50221 processed, 51 removed
[2020-03-21T21:52:16.246+0000][gc            ] GC(2) Pause Remark 139M->139M(1024M) 3,319ms
[2020-03-21T21:52:16.246+0000][gc,cpu        ] GC(2) User=0,02s Sys=0,00s Real=0,00s
[2020-03-21T21:52:16.246+0000][gc,marking    ] GC(2) Concurrent Rebuild Remembered Sets
[2020-03-21T21:52:16.251+0000][gc,marking    ] GC(2) Concurrent Rebuild Remembered Sets 4,638ms
[2020-03-21T21:52:16.251+0000][gc,start      ] GC(2) Pause Cleanup
[2020-03-21T21:52:16.251+0000][gc            ] GC(2) Pause Cleanup 139M->139M(1024M) 0,212ms
[2020-03-21T21:52:16.251+0000][gc,cpu        ] GC(2) User=0,00s Sys=0,00s Real=0,00s
[2020-03-21T21:52:16.251+0000][gc,marking    ] GC(2) Concurrent Cleanup for Next Mark
[2020-03-21T21:52:16.256+0000][gc,marking    ] GC(2) Concurrent Cleanup for Next Mark 5,152ms
[2020-03-21T21:52:16.256+0000][gc            ] GC(2) Concurrent Cycle 26,839ms
[2020-03-21T21:52:16.906+0000][gc,start      ] GC(3) Pause Young (Normal) (G1 Evacuation Pause)
[2020-03-21T21:52:16.906+0000][gc,task       ] GC(3) Using 8 workers of 8 for evacuation
[2020-03-21T21:52:16.910+0000][gc,phases     ] GC(3)   Pre Evacuate Collection Set: 0,0ms
[2020-03-21T21:52:16.910+0000][gc,phases     ] GC(3)   Evacuate Collection Set: 3,2ms
[2020-03-21T21:52:16.910+0000][gc,phases     ] GC(3)   Post Evacuate Collection Set: 0,4ms
[2020-03-21T21:52:16.910+0000][gc,phases     ] GC(3)   Other: 0,1ms
[2020-03-21T21:52:16.910+0000][gc,heap       ] GC(3) Eden regions: 49->0(46)
[2020-03-21T21:52:16.910+0000][gc,heap       ] GC(3) Survivor regions: 2->5(7)
[2020-03-21T21:52:16.910+0000][gc,heap       ] GC(3) Old regions: 7->7
[2020-03-21T21:52:16.910+0000][gc,heap       ] GC(3) Humongous regions: 129->129
[2020-03-21T21:52:16.910+0000][gc,metaspace  ] GC(3) Metaspace: 29936K->29936K(1077248K)
[2020-03-21T21:52:16.910+0000][gc            ] GC(3) Pause Young (Normal) (G1 Evacuation Pause) 186M->140M(1024M) 3,797ms
[2020-03-21T21:52:16.910+0000][gc,cpu        ] GC(3) User=0,03s Sys=0,00s Real=0,00s
[2020-03-21T21:53:45.852+0000][gc,start      ] GC(4) Pause Young (Concurrent Start) (Metadata GC Threshold)
[2020-03-21T21:53:45.852+0000][gc,task       ] GC(4) Using 8 workers of 8 for evacuation
[2020-03-21T21:53:45.860+0000][gc,phases     ] GC(4)   Pre Evacuate Collection Set: 0,1ms
[2020-03-21T21:53:45.861+0000][gc,phases     ] GC(4)   Evacuate Collection Set: 7,5ms
[2020-03-21T21:53:45.861+0000][gc,phases     ] GC(4)   Post Evacuate Collection Set: 0,6ms
[2020-03-21T21:53:45.861+0000][gc,phases     ] GC(4)   Other: 0,2ms
[2020-03-21T21:53:45.861+0000][gc,heap       ] GC(4) Eden regions: 21->0(49)
[2020-03-21T21:53:45.861+0000][gc,heap       ] GC(4) Survivor regions: 5->2(7)
[2020-03-21T21:53:45.861+0000][gc,heap       ] GC(4) Old regions: 7->12
[2020-03-21T21:53:45.861+0000][gc,heap       ] GC(4) Humongous regions: 129->129
[2020-03-21T21:53:45.861+0000][gc,metaspace  ] GC(4) Metaspace: 34212K->34212K(1079296K)
[2020-03-21T21:53:45.861+0000][gc            ] GC(4) Pause Young (Concurrent Start) (Metadata GC Threshold) 161M->141M(1024M) 8,476ms
[2020-03-21T21:53:45.861+0000][gc,cpu        ] GC(4) User=0,04s Sys=0,00s Real=0,01s
[2020-03-21T21:53:45.861+0000][gc            ] GC(5) Concurrent Cycle
[2020-03-21T21:53:45.861+0000][gc,marking    ] GC(5) Concurrent Clear Claimed Marks
[2020-03-21T21:53:45.861+0000][gc,marking    ] GC(5) Concurrent Clear Claimed Marks 0,050ms
[2020-03-21T21:53:45.861+0000][gc,marking    ] GC(5) Concurrent Scan Root Regions
[2020-03-21T21:53:45.862+0000][gc,marking    ] GC(5) Concurrent Scan Root Regions 1,274ms
[2020-03-21T21:53:45.862+0000][gc,marking    ] GC(5) Concurrent Mark (91,285s)
[2020-03-21T21:53:45.862+0000][gc,marking    ] GC(5) Concurrent Mark From Roots
[2020-03-21T21:53:45.862+0000][gc,task       ] GC(5) Using 2 workers of 2 for marking
[2020-03-21T21:53:45.874+0000][gc,marking    ] GC(5) Concurrent Mark From Roots 11,501ms
[2020-03-21T21:53:45.874+0000][gc,marking    ] GC(5) Concurrent Preclean
[2020-03-21T21:53:45.874+0000][gc,marking    ] GC(5) Concurrent Preclean 0,159ms
[2020-03-21T21:53:45.874+0000][gc,marking    ] GC(5) Concurrent Mark (91,285s, 91,296s) 11,705ms
[2020-03-21T21:53:45.874+0000][gc,start      ] GC(5) Pause Remark
[2020-03-21T21:53:45.877+0000][gc,stringtable] GC(5) Cleaned string and symbol table, strings: 14927 processed, 9 removed, symbols: 78319 processed, 27 removed
[2020-03-21T21:53:45.877+0000][gc            ] GC(5) Pause Remark 142M->142M(1024M) 2,906ms
[2020-03-21T21:53:45.877+0000][gc,cpu        ] GC(5) User=0,01s Sys=0,00s Real=0,00s
[2020-03-21T21:53:45.877+0000][gc,marking    ] GC(5) Concurrent Rebuild Remembered Sets
[2020-03-21T21:53:45.885+0000][gc,marking    ] GC(5) Concurrent Rebuild Remembered Sets 7,648ms
[2020-03-21T21:53:45.885+0000][gc,start      ] GC(5) Pause Cleanup
[2020-03-21T21:53:45.885+0000][gc            ] GC(5) Pause Cleanup 142M->142M(1024M) 0,182ms
[2020-03-21T21:53:45.885+0000][gc,cpu        ] GC(5) User=0,00s Sys=0,00s Real=0,00s
[2020-03-21T21:53:45.885+0000][gc,marking    ] GC(5) Concurrent Cleanup for Next Mark
[2020-03-21T21:53:45.891+0000][gc,marking    ] GC(5) Concurrent Cleanup for Next Mark 5,973ms
[2020-03-21T21:53:45.891+0000][gc            ] GC(5) Concurrent Cycle 30,387ms
[2020-03-21T21:55:46.150+0000][gc,start      ] GC(6) Pause Young (Normal) (G1 Evacuation Pause)
[2020-03-21T21:55:46.150+0000][gc,task       ] GC(6) Using 8 workers of 8 for evacuation
[2020-03-21T21:55:46.157+0000][gc,phases     ] GC(6)   Pre Evacuate Collection Set: 0,0ms
[2020-03-21T21:55:46.157+0000][gc,phases     ] GC(6)   Evacuate Collection Set: 5,6ms
[2020-03-21T21:55:46.157+0000][gc,phases     ] GC(6)   Post Evacuate Collection Set: 0,7ms
[2020-03-21T21:55:46.157+0000][gc,phases     ] GC(6)   Other: 0,2ms
[2020-03-21T21:55:46.157+0000][gc,heap       ] GC(6) Eden regions: 49->0(46)
[2020-03-21T21:55:46.157+0000][gc,heap       ] GC(6) Survivor regions: 2->5(7)
[2020-03-21T21:55:46.157+0000][gc,heap       ] GC(6) Old regions: 12->12
[2020-03-21T21:55:46.157+0000][gc,heap       ] GC(6) Humongous regions: 129->129
[2020-03-21T21:55:46.157+0000][gc,metaspace  ] GC(6) Metaspace: 39128K->39128K(1085440K)
[2020-03-21T21:55:46.157+0000][gc            ] GC(6) Pause Young (Normal) (G1 Evacuation Pause) 190M->144M(1024M) 6,505ms
[2020-03-21T21:55:46.157+0000][gc,cpu        ] GC(6) User=0,03s Sys=0,00s Real=0,01s
[2020-03-21T22:08:46.145+0000][gc,start      ] GC(7) Pause Young (Normal) (G1 Evacuation Pause)
[2020-03-21T22:08:46.145+0000][gc,task       ] GC(7) Using 8 workers of 8 for evacuation
[2020-03-21T22:08:46.157+0000][gc,phases     ] GC(7)   Pre Evacuate Collection Set: 0,0ms
[2020-03-21T22:08:46.157+0000][gc,phases     ] GC(7)   Evacuate Collection Set: 10,2ms
[2020-03-21T22:08:46.157+0000][gc,phases     ] GC(7)   Post Evacuate Collection Set: 1,2ms
[2020-03-21T22:08:46.157+0000][gc,phases     ] GC(7)   Other: 0,6ms
[2020-03-21T22:08:46.157+0000][gc,heap       ] GC(7) Eden regions: 46->0(46)
[2020-03-21T22:08:46.157+0000][gc,heap       ] GC(7) Survivor regions: 5->5(7)
[2020-03-21T22:08:46.157+0000][gc,heap       ] GC(7) Old regions: 12->13
[2020-03-21T22:08:46.157+0000][gc,heap       ] GC(7) Humongous regions: 129->129
[2020-03-21T22:08:46.157+0000][gc,metaspace  ] GC(7) Metaspace: 39708K->39708K(1085440K)
[2020-03-21T22:08:46.157+0000][gc            ] GC(7) Pause Young (Normal) (G1 Evacuation Pause) 190M->145M(1024M) 12,277ms
[2020-03-21T22:08:46.157+0000][gc,cpu        ] GC(7) User=0,08s Sys=0,01s Real=0,01s
[2020-03-21T22:20:31.557+0000][gc,start      ] GC(8) Pause Young (Normal) (G1 Evacuation Pause)
[2020-03-21T22:20:31.557+0000][gc,task       ] GC(8) Using 8 workers of 8 for evacuation
[2020-03-21T22:20:31.571+0000][gc,phases     ] GC(8)   Pre Evacuate Collection Set: 0,1ms
[2020-03-21T22:20:31.571+0000][gc,phases     ] GC(8)   Evacuate Collection Set: 12,8ms
[2020-03-21T22:20:31.571+0000][gc,phases     ] GC(8)   Post Evacuate Collection Set: 1,0ms
[2020-03-21T22:20:31.571+0000][gc,phases     ] GC(8)   Other: 0,4ms
[2020-03-21T22:20:31.571+0000][gc,heap       ] GC(8) Eden regions: 46->0(48)
[2020-03-21T22:20:31.571+0000][gc,heap       ] GC(8) Survivor regions: 5->3(7)
[2020-03-21T22:20:31.571+0000][gc,heap       ] GC(8) Old regions: 13->15
[2020-03-21T22:20:31.571+0000][gc,heap       ] GC(8) Humongous regions: 129->129
[2020-03-21T22:20:31.571+0000][gc,metaspace  ] GC(8) Metaspace: 40183K->40183K(1085440K)
[2020-03-21T22:20:31.571+0000][gc            ] GC(8) Pause Young (Normal) (G1 Evacuation Pause) 191M->146M(1024M) 14,431ms
[2020-03-21T22:20:31.571+0000][gc,cpu        ] GC(8) User=0,09s Sys=0,00s Real=0,01s
[2020-03-21T22:30:40.010+0000][gc,start      ] GC(9) Pause Young (Normal) (G1 Evacuation Pause)
[2020-03-21T22:30:40.010+0000][gc,task       ] GC(9) Using 8 workers of 8 for evacuation
[2020-03-21T22:30:40.024+0000][gc,phases     ] GC(9)   Pre Evacuate Collection Set: 0,0ms
[2020-03-21T22:30:40.024+0000][gc,phases     ] GC(9)   Evacuate Collection Set: 9,9ms
[2020-03-21T22:30:40.024+0000][gc,phases     ] GC(9)   Post Evacuate Collection Set: 3,6ms
[2020-03-21T22:30:40.024+0000][gc,phases     ] GC(9)   Other: 0,3ms
[2020-03-21T22:30:40.024+0000][gc,heap       ] GC(9) Eden regions: 48->0(45)
[2020-03-21T22:30:40.024+0000][gc,heap       ] GC(9) Survivor regions: 3->6(7)
[2020-03-21T22:30:40.024+0000][gc,heap       ] GC(9) Old regions: 15->15
[2020-03-21T22:30:40.024+0000][gc,heap       ] GC(9) Humongous regions: 129->129
[2020-03-21T22:30:40.024+0000][gc,metaspace  ] GC(9) Metaspace: 40339K->40339K(1085440K)
[2020-03-21T22:30:40.024+0000][gc            ] GC(9) Pause Young (Normal) (G1 Evacuation Pause) 194M->149M(1024M) 14,015ms
[2020-03-21T22:30:40.024+0000][gc,cpu        ] GC(9) User=0,09s Sys=0,00s Real=0,02s
