[2020-03-21 18:03:23,036] INFO [GroupCoordinator 0]: Preparing to rebalance group plane in state PreparingRebalance with old generation 6 (__consumer_offsets-8) (reason: Adding new member consumer-1-a203bd5f-0d99-4bc3-9633-969f6287d594 with group instanceid None) (kafka.coordinator.group.GroupCoordinator)
[2020-03-21 18:03:23,039] INFO [GroupCoordinator 0]: Stabilized group plane generation 7 (__consumer_offsets-8) (kafka.coordinator.group.GroupCoordinator)
[2020-03-21 18:03:23,049] INFO [GroupCoordinator 0]: Assignment received from leader for group plane for generation 7 (kafka.coordinator.group.GroupCoordinator)
[2020-03-21 18:03:23,219] INFO [GroupCoordinator 0]: Member[group.instance.id None, member.id consumer-1-a203bd5f-0d99-4bc3-9633-969f6287d594] in group plane has left, removing it from the group (kafka.coordinator.group.GroupCoordinator)
[2020-03-21 18:03:23,220] INFO [GroupCoordinator 0]: Preparing to rebalance group plane in state PreparingRebalance with old generation 7 (__consumer_offsets-8) (reason: removing member consumer-1-a203bd5f-0d99-4bc3-9633-969f6287d594 on LeaveGroup) (kafka.coordinator.group.GroupCoordinator)
[2020-03-21 18:03:23,220] INFO [GroupCoordinator 0]: Group plane with generation 8 is now empty (__consumer_offsets-8) (kafka.coordinator.group.GroupCoordinator)
[2020-03-21 18:03:36,779] INFO [GroupCoordinator 0]: Preparing to rebalance group plane in state PreparingRebalance with old generation 8 (__consumer_offsets-8) (reason: Adding new member consumer-1-7aa98f4c-6af9-41e0-a3bb-0c8335ce59dd with group instanceid None) (kafka.coordinator.group.GroupCoordinator)
[2020-03-21 18:03:36,779] INFO [GroupCoordinator 0]: Stabilized group plane generation 9 (__consumer_offsets-8) (kafka.coordinator.group.GroupCoordinator)
[2020-03-21 18:03:36,785] INFO [GroupCoordinator 0]: Assignment received from leader for group plane for generation 9 (kafka.coordinator.group.GroupCoordinator)
[2020-03-21 18:05:10,790] INFO [GroupMetadataManager brokerId=0] Removed 0 expired offsets in 1 milliseconds. (kafka.coordinator.group.GroupMetadataManager)
[2020-03-21 18:07:10,257] INFO [GroupCoordinator 0]: Member[group.instance.id None, member.id consumer-1-7aa98f4c-6af9-41e0-a3bb-0c8335ce59dd] in group plane has left, removing it from the group (kafka.coordinator.group.GroupCoordinator)
[2020-03-21 18:07:10,257] INFO [GroupCoordinator 0]: Preparing to rebalance group plane in state PreparingRebalance with old generation 9 (__consumer_offsets-8) (reason: removing member consumer-1-7aa98f4c-6af9-41e0-a3bb-0c8335ce59dd on LeaveGroup) (kafka.coordinator.group.GroupCoordinator)
[2020-03-21 18:07:10,257] INFO [GroupCoordinator 0]: Group plane with generation 10 is now empty (__consumer_offsets-8) (kafka.coordinator.group.GroupCoordinator)
[2020-03-21 18:15:10,789] INFO [GroupMetadataManager brokerId=0] Removed 0 expired offsets in 0 milliseconds. (kafka.coordinator.group.GroupMetadataManager)
[2020-03-21 18:25:10,789] INFO [GroupMetadataManager brokerId=0] Removed 0 expired offsets in 0 milliseconds. (kafka.coordinator.group.GroupMetadataManager)
[2020-03-21 18:33:30,941] INFO [GroupCoordinator 0]: Preparing to rebalance group plane in state PreparingRebalance with old generation 10 (__consumer_offsets-8) (reason: Adding new member consumer-2-ae0045a9-49d2-4b95-8410-5b78174b60f7 with group instanceid None) (kafka.coordinator.group.GroupCoordinator)
[2020-03-21 18:33:30,951] INFO [GroupCoordinator 0]: Stabilized group plane generation 11 (__consumer_offsets-8) (kafka.coordinator.group.GroupCoordinator)
[2020-03-21 18:33:30,993] INFO [GroupCoordinator 0]: Assignment received from leader for group plane for generation 11 (kafka.coordinator.group.GroupCoordinator)
[2020-03-21 18:33:31,204] INFO [GroupCoordinator 0]: Member[group.instance.id None, member.id consumer-2-ae0045a9-49d2-4b95-8410-5b78174b60f7] in group plane has left, removing it from the group (kafka.coordinator.group.GroupCoordinator)
[2020-03-21 18:33:31,206] INFO [GroupCoordinator 0]: Preparing to rebalance group plane in state PreparingRebalance with old generation 11 (__consumer_offsets-8) (reason: removing member consumer-2-ae0045a9-49d2-4b95-8410-5b78174b60f7 on LeaveGroup) (kafka.coordinator.group.GroupCoordinator)
[2020-03-21 18:33:31,206] INFO [GroupCoordinator 0]: Member[group.instance.id None, member.id consumer-1-c2faa4dc-9452-426f-a4e1-f0ae0fcc9ff8] in group plane has left, removing it from the group (kafka.coordinator.group.GroupCoordinator)
[2020-03-21 18:33:31,207] INFO [GroupCoordinator 0]: Group plane with generation 12 is now empty (__consumer_offsets-8) (kafka.coordinator.group.GroupCoordinator)
[2020-03-21 18:33:49,957] INFO [GroupCoordinator 0]: Preparing to rebalance group plane in state PreparingRebalance with old generation 12 (__consumer_offsets-8) (reason: Adding new member consumer-1-91e4d35f-1dd2-477a-824d-bd1bb60a8973 with group instanceid None) (kafka.coordinator.group.GroupCoordinator)
[2020-03-21 18:33:49,959] INFO [GroupCoordinator 0]: Stabilized group plane generation 13 (__consumer_offsets-8) (kafka.coordinator.group.GroupCoordinator)
[2020-03-21 18:33:49,975] INFO [GroupCoordinator 0]: Assignment received from leader for group plane for generation 13 (kafka.coordinator.group.GroupCoordinator)
[2020-03-21 18:34:42,070] INFO [GroupCoordinator 0]: Member[group.instance.id None, member.id consumer-1-91e4d35f-1dd2-477a-824d-bd1bb60a8973] in group plane has left, removing it from the group (kafka.coordinator.group.GroupCoordinator)
[2020-03-21 18:34:42,070] INFO [GroupCoordinator 0]: Preparing to rebalance group plane in state PreparingRebalance with old generation 13 (__consumer_offsets-8) (reason: removing member consumer-1-91e4d35f-1dd2-477a-824d-bd1bb60a8973 on LeaveGroup) (kafka.coordinator.group.GroupCoordinator)
[2020-03-21 18:34:42,070] INFO [GroupCoordinator 0]: Member[group.instance.id None, member.id consumer-2-97b6261f-8358-4f52-993b-22005595d435] in group plane has left, removing it from the group (kafka.coordinator.group.GroupCoordinator)
[2020-03-21 18:34:42,071] INFO [GroupCoordinator 0]: Group plane with generation 14 is now empty (__consumer_offsets-8) (kafka.coordinator.group.GroupCoordinator)
[2020-03-21 18:35:10,789] INFO [GroupMetadataManager brokerId=0] Removed 0 expired offsets in 0 milliseconds. (kafka.coordinator.group.GroupMetadataManager)
[2020-03-21 18:36:35,801] INFO [GroupCoordinator 0]: Preparing to rebalance group plane in state PreparingRebalance with old generation 14 (__consumer_offsets-8) (reason: Adding new member consumer-1-e20b7314-20ba-4e65-842a-ce40f69aa5a6 with group instanceid None) (kafka.coordinator.group.GroupCoordinator)
[2020-03-21 18:36:35,806] INFO [GroupCoordinator 0]: Stabilized group plane generation 15 (__consumer_offsets-8) (kafka.coordinator.group.GroupCoordinator)
[2020-03-21 18:36:35,816] INFO [GroupCoordinator 0]: Assignment received from leader for group plane for generation 15 (kafka.coordinator.group.GroupCoordinator)
[2020-03-21 18:37:18,329] INFO [GroupCoordinator 0]: Member[group.instance.id None, member.id consumer-2-043d059b-1fd7-4501-a916-ec9da3dd402f] in group plane has left, removing it from the group (kafka.coordinator.group.GroupCoordinator)
[2020-03-21 18:37:18,329] INFO [GroupCoordinator 0]: Preparing to rebalance group plane in state PreparingRebalance with old generation 15 (__consumer_offsets-8) (reason: removing member consumer-2-043d059b-1fd7-4501-a916-ec9da3dd402f on LeaveGroup) (kafka.coordinator.group.GroupCoordinator)
[2020-03-21 18:37:18,330] INFO [GroupCoordinator 0]: Member[group.instance.id None, member.id consumer-1-e20b7314-20ba-4e65-842a-ce40f69aa5a6] in group plane has left, removing it from the group (kafka.coordinator.group.GroupCoordinator)
[2020-03-21 18:37:18,330] INFO [GroupCoordinator 0]: Group plane with generation 16 is now empty (__consumer_offsets-8) (kafka.coordinator.group.GroupCoordinator)
