[2020-03-21T15:54:49.463+0000][gc,heap] Heap region size: 1M
[2020-03-21T15:54:49.469+0000][gc     ] Using G1
[2020-03-21T15:54:49.469+0000][gc,heap,coops] Heap address: 0x00000000e0000000, size: 512 MB, Compressed Oops mode: 32-bit
[2020-03-21T15:54:49.469+0000][gc,cds       ] Mark closed archive regions in map: [0x00000000fff00000, 0x00000000fff69ff8]
[2020-03-21T15:54:49.469+0000][gc,cds       ] Mark open archive regions in map: [0x00000000ffe00000, 0x00000000ffe46ff8]
[2020-03-21T15:55:09.742+0000][gc,start     ] GC(0) Pause Young (Normal) (G1 Evacuation Pause)
[2020-03-21T15:55:09.743+0000][gc,task      ] GC(0) Using 8 workers of 8 for evacuation
[2020-03-21T15:55:09.753+0000][gc,phases    ] GC(0)   Pre Evacuate Collection Set: 0,0ms
[2020-03-21T15:55:09.753+0000][gc,phases    ] GC(0)   Evacuate Collection Set: 9,4ms
[2020-03-21T15:55:09.753+0000][gc,phases    ] GC(0)   Post Evacuate Collection Set: 0,4ms
[2020-03-21T15:55:09.753+0000][gc,phases    ] GC(0)   Other: 0,9ms
[2020-03-21T15:55:09.753+0000][gc,heap      ] GC(0) Eden regions: 25->0(21)
[2020-03-21T15:55:09.753+0000][gc,heap      ] GC(0) Survivor regions: 0->4(4)
[2020-03-21T15:55:09.753+0000][gc,heap      ] GC(0) Old regions: 2->4
[2020-03-21T15:55:09.753+0000][gc,heap      ] GC(0) Humongous regions: 0->0
[2020-03-21T15:55:09.753+0000][gc,metaspace ] GC(0) Metaspace: 7578K->7578K(1056768K)
[2020-03-21T15:55:09.753+0000][gc           ] GC(0) Pause Young (Normal) (G1 Evacuation Pause) 25M->5M(512M) 10,861ms
[2020-03-21T15:55:09.753+0000][gc,cpu       ] GC(0) User=0,07s Sys=0,01s Real=0,02s
[2020-03-21T18:18:49.667+0000][gc,start     ] GC(1) Pause Young (Normal) (G1 Evacuation Pause)
[2020-03-21T18:18:49.670+0000][gc,task      ] GC(1) Using 8 workers of 8 for evacuation
[2020-03-21T18:18:49.680+0000][gc,phases    ] GC(1)   Pre Evacuate Collection Set: 0,0ms
[2020-03-21T18:18:49.680+0000][gc,phases    ] GC(1)   Evacuate Collection Set: 9,7ms
[2020-03-21T18:18:49.680+0000][gc,phases    ] GC(1)   Post Evacuate Collection Set: 0,5ms
[2020-03-21T18:18:49.680+0000][gc,phases    ] GC(1)   Other: 3,2ms
[2020-03-21T18:18:49.680+0000][gc,heap      ] GC(1) Eden regions: 21->0(24)
[2020-03-21T18:18:49.680+0000][gc,heap      ] GC(1) Survivor regions: 4->1(4)
[2020-03-21T18:18:49.680+0000][gc,heap      ] GC(1) Old regions: 4->8
[2020-03-21T18:18:49.680+0000][gc,heap      ] GC(1) Humongous regions: 0->0
[2020-03-21T18:18:49.680+0000][gc,metaspace ] GC(1) Metaspace: 8258K->8258K(1056768K)
[2020-03-21T18:18:49.680+0000][gc           ] GC(1) Pause Young (Normal) (G1 Evacuation Pause) 26M->6M(512M) 13,541ms
[2020-03-21T18:18:49.680+0000][gc,cpu       ] GC(1) User=0,06s Sys=0,01s Real=0,01s
